<?xml version="1.0" encoding="UTF-8"?>
<beans:beans xmlns="http://www.springframework.org/schema/mvc"
	xmlns:xsi="http://www.w3.org/2001/XMLSchema-instance" xmlns:beans="http://www.springframework.org/schema/beans"
	xmlns:context="http://www.springframework.org/schema/context"
	xsi:schemaLocation="http://www.springframework.org/schema/mvc http://www.springframework.org/schema/mvc/spring-mvc-4.0.xsd
		http://www.springframework.org/schema/beans http://www.springframework.org/schema/beans/spring-beans-4.0.xsd		
		http://www.springframework.org/schema/context http://www.springframework.org/schema/context/spring-context-4.0.xsd">
	<annotation-driven />

	<beans:import resource="test-uboapi-beans.xml" />
	<context:property-placeholder location="file:src/test/resources/properties/uboapi_test.properties" />
	<context:component-scan base-package="com.dnb" />

	<resources mapping="/css/**" location="/css/" />
	<resources mapping="/images/**" location="/images/" />
	<resources mapping="/js/**" location="/js/" />
	<resources mapping="/fonts/**" location="/fonts/" />
	<resources mapping="/less/**" location="/less/" />
	<resources mapping="/i18nbundle/**" location="/i18nbundle/" />

</beans:beans>