<?xml version="1.0" encoding="UTF-8"?>
<beans xmlns="http://www.springframework.org/schema/beans"
	xmlns:xsi="http://www.w3.org/2001/XMLSchema-instance"
	xsi:schemaLocation="http://www.springframework.org/schema/beans http://www.springframework.org/schema/beans/spring-beans.xsd">
	<bean id="apiDaoImplV3" class="com.dnb.ubo.v3.dao.DaoImplProxy" autowire-candidate="true" />
	<bean id="apiDaoImplV4" class="com.dnb.ubo.v4.dao.DaoImplProxy"
		autowire-candidate="true" />
</beans>
